# JRE version: Java(TM) SE Runtime Environment (8.0_72-b15) (build 1.8.0_72-b15)
# Java VM: Java HotSpot(TM) 64-Bit Server VM (25.72-b15 mixed mode linux-amd64 compressed oops)
Heap:
 PSYoungGen      total 441344K, used 13253K [0x00000000e0000000, 0x0000000100000000, 0x0000000100000000)
  eden space 358400K, 0% used [0x00000000e0000000,0x00000000e0000000,0x00000000f5e00000)
  from space 82944K, 15% used [0x00000000f5e00000,0x00000000f6af1640,0x00000000faf00000)
  to   space 82944K, 0% used [0x00000000faf00000,0x00000000faf00000,0x0000000100000000)
 ParOldGen       total 126976K, used 126966K [0x00000000a0000000, 0x00000000a7c00000, 0x00000000e0000000)
  object space 126976K, 99% used [0x00000000a0000000,0x00000000a7bfd968,0x00000000a7c00000)
 Metaspace       used 83438K, capacity 85434K, committed 87832K, reserved 1126400K
  class space    used 10638K, capacity 11074K, committed 11560K, reserved 1048576K
GC Heap History (10 events):
Event: 3994,578 GC heap after
Heap after GC invocations=19 (full 4):
 PSYoungGen      total 280064K, used 32237K [0x00000000e0000000, 0x00000000f7a00000, 0x0000000100000000)
  eden space 247808K, 0% used [0x00000000e0000000,0x00000000e0000000,0x00000000ef200000)
  from space 32256K, 99% used [0x00000000ef200000,0x00000000f117b608,0x00000000f1180000)
  to   space 38912K, 0% used [0x00000000f5400000,0x00000000f5400000,0x00000000f7a00000)
 ParOldGen       total 126976K, used 41290K [0x00000000a0000000, 0x00000000a7c00000, 0x00000000e0000000)
  object space 126976K, 32% used [0x00000000a0000000,0x00000000a2852b50,0x00000000a7c00000)
 Metaspace       used 82622K, capacity 84620K, committed 87064K, reserved 1124352K
  class space    used 10635K, capacity 11079K, committed 11560K, reserved 1048576K
}
Event: 3996,340 GC heap before
{Heap before GC invocations=20 (full 4):
 PSYoungGen      total 280064K, used 280045K [0x00000000e0000000, 0x00000000f7a00000, 0x0000000100000000)
  eden space 247808K, 100% used [0x00000000e0000000,0x00000000ef200000,0x00000000ef200000)
  from space 32256K, 99% used [0x00000000ef200000,0x00000000f117b608,0x00000000f1180000)
  to   space 38912K, 0% used [0x00000000f5400000,0x00000000f5400000,0x00000000f7a00000)
 ParOldGen       total 126976K, used 41290K [0x00000000a0000000, 0x00000000a7c00000, 0x00000000e0000000)
  object space 126976K, 32% used [0x00000000a0000000,0x00000000a2852b50,0x00000000a7c00000)
 Metaspace       used 82735K, capacity 84748K, committed 87064K, reserved 1124352K
  class space    used 10637K, capacity 11079K, committed 11560K, reserved 1048576K
Event: 3996,505 GC heap after
Heap after GC invocations=20 (full 4):
 PSYoungGen      total 331264K, used 38910K [0x00000000e0000000, 0x00000000fb680000, 0x0000000100000000)
  eden space 292352K, 0% used [0x00000000e0000000,0x00000000e0000000,0x00000000f1d80000)
  from space 38912K, 99% used [0x00000000f5400000,0x00000000f79ff890,0x00000000f7a00000)
  to   space 55808K, 0% used [0x00000000f1d80000,0x00000000f1d80000,0x00000000f5400000)
 ParOldGen       total 126976K, used 70070K [0x00000000a0000000, 0x00000000a7c00000, 0x00000000e0000000)
  object space 126976K, 55% used [0x00000000a0000000,0x00000000a446d8f0,0x00000000a7c00000)
 Metaspace       used 82735K, capacity 84748K, committed 87064K, reserved 1124352K
  class space    used 10637K, capacity 11079K, committed 11560K, reserved 1048576K
}
Event: 3998,828 GC heap before
{Heap before GC invocations=21 (full 4):
 PSYoungGen      total 331264K, used 331262K [0x00000000e0000000, 0x00000000fb680000, 0x0000000100000000)
  eden space 292352K, 100% used [0x00000000e0000000,0x00000000f1d80000,0x00000000f1d80000)
  from space 38912K, 99% used [0x00000000f5400000,0x00000000f79ff890,0x00000000f7a00000)
  to   space 55808K, 0% used [0x00000000f1d80000,0x00000000f1d80000,0x00000000f5400000)
 ParOldGen       total 126976K, used 70070K [0x00000000a0000000, 0x00000000a7c00000, 0x00000000e0000000)
  object space 126976K, 55% used [0x00000000a0000000,0x00000000a446d8f0,0x00000000a7c00000)
 Metaspace       used 83094K, capacity 85132K, committed 87576K, reserved 1126400K
  class space    used 10640K, capacity 11079K, committed 11560K, reserved 1048576K
Event: 3998,934 GC heap after
Heap after GC invocations=21 (full 4):
 PSYoungGen      total 348160K, used 55784K [0x00000000e0000000, 0x0000000100000000, 0x0000000100000000)
  eden space 292352K, 0% used [0x00000000e0000000,0x00000000e0000000,0x00000000f1d80000)
  from space 55808K, 99% used [0x00000000f1d80000,0x00000000f53fa3a8,0x00000000f5400000)
  to   space 65536K, 0% used [0x00000000fc000000,0x00000000fc000000,0x0000000100000000)
 ParOldGen       total 126976K, used 72118K [0x00000000a0000000, 0x00000000a7c00000, 0x00000000e0000000)
  object space 126976K, 56% used [0x00000000a0000000,0x00000000a466d978,0x00000000a7c00000)
 Metaspace       used 83094K, capacity 85132K, committed 87576K, reserved 1126400K
  class space    used 10640K, capacity 11079K, committed 11560K, reserved 1048576K
}
Event: 4002,188 GC heap before
{Heap before GC invocations=22 (full 4):
 PSYoungGen      total 348160K, used 348136K [0x00000000e0000000, 0x0000000100000000, 0x0000000100000000)
  eden space 292352K, 100% used [0x00000000e0000000,0x00000000f1d80000,0x00000000f1d80000)
  from space 55808K, 99% used [0x00000000f1d80000,0x00000000f53fa3a8,0x00000000f5400000)
  to   space 65536K, 0% used [0x00000000fc000000,0x00000000fc000000,0x0000000100000000)
 ParOldGen       total 126976K, used 72118K [0x00000000a0000000, 0x00000000a7c00000, 0x00000000e0000000)
  object space 126976K, 56% used [0x00000000a0000000,0x00000000a466d978,0x00000000a7c00000)
 Metaspace       used 83335K, capacity 85324K, committed 87576K, reserved 1126400K
  class space    used 10641K, capacity 11079K, committed 11560K, reserved 1048576K
Event: 4002,454 GC heap after
Heap after GC invocations=22 (full 4):
 PSYoungGen      total 423936K, used 65528K [0x00000000e0000000, 0x0000000100000000, 0x0000000100000000)
  eden space 358400K, 0% used [0x00000000e0000000,0x00000000e0000000,0x00000000f5e00000)
  from space 65536K, 99% used [0x00000000fc000000,0x00000000ffffe270,0x0000000100000000)
  to   space 82944K, 0% used [0x00000000f5e00000,0x00000000f5e00000,0x00000000faf00000)
 ParOldGen       total 126976K, used 89993K [0x00000000a0000000, 0x00000000a7c00000, 0x00000000e0000000)
  object space 126976K, 70% used [0x00000000a0000000,0x00000000a57e26b0,0x00000000a7c00000)
 Metaspace       used 83335K, capacity 85324K, committed 87576K, reserved 1126400K
  class space    used 10641K, capacity 11079K, committed 11560K, reserved 1048576K
}
Event: 4003,717 GC heap before
{Heap before GC invocations=23 (full 4):
 PSYoungGen      total 423936K, used 423928K [0x00000000e0000000, 0x0000000100000000, 0x0000000100000000)
  eden space 358400K, 100% used [0x00000000e0000000,0x00000000f5e00000,0x00000000f5e00000)
  from space 65536K, 99% used [0x00000000fc000000,0x00000000ffffe270,0x0000000100000000)
  to   space 82944K, 0% used [0x00000000f5e00000,0x00000000f5e00000,0x00000000faf00000)
 ParOldGen       total 126976K, used 89993K [0x00000000a0000000, 0x00000000a7c00000, 0x00000000e0000000)
  object space 126976K, 70% used [0x00000000a0000000,0x00000000a57e26b0,0x00000000a7c00000)
 Metaspace       used 83446K, capacity 85452K, committed 87832K, reserved 1126400K
  class space    used 10641K, capacity 11079K, committed 11560K, reserved 1048576K
Event: 4004,342 GC heap after
Heap after GC invocations=23 (full 4):
 PSYoungGen      total 441344K, used 82932K [0x00000000e0000000, 0x0000000100000000, 0x0000000100000000)
  eden space 358400K, 0% used [0x00000000e0000000,0x00000000e0000000,0x00000000f5e00000)
  from space 82944K, 99% used [0x00000000f5e00000,0x00000000faefd2d0,0x00000000faf00000)
  to   space 82944K, 0% used [0x00000000faf00000,0x00000000faf00000,0x0000000100000000)
 ParOldGen       total 126976K, used 125318K [0x00000000a0000000, 0x00000000a7c00000, 0x00000000e0000000)
  object space 126976K, 98% used [0x00000000a0000000,0x00000000a7a61aa0,0x00000000a7c00000)
 Metaspace       used 83446K, capacity 85452K, committed 87832K, reserved 1126400K
  class space    used 10641K, capacity 11079K, committed 11560K, reserved 1048576K
}
Event: 4004,483 GC heap before
{Heap before GC invocations=24 (full 5):
 PSYoungGen      total 441344K, used 82932K [0x00000000e0000000, 0x0000000100000000, 0x0000000100000000)
  eden space 358400K, 0% used [0x00000000e0000000,0x00000000e0000000,0x00000000f5e00000)
  from space 82944K, 99% used [0x00000000f5e00000,0x00000000faefd2d0,0x00000000faf00000)
  to   space 82944K, 0% used [0x00000000faf00000,0x00000000faf00000,0x0000000100000000)
 ParOldGen       total 126976K, used 125318K [0x00000000a0000000, 0x00000000a7c00000, 0x00000000e0000000)
  object space 126976K, 98% used [0x00000000a0000000,0x00000000a7a61aa0,0x00000000a7c00000)
 Metaspace       used 83446K, capacity 85452K, committed 87832K, reserved 1126400K
  class space    used 10641K, capacity 11079K, committed 11560K, reserved 1048576K

